<?xml version="1.0" encoding="UTF-8"?>
<!-- Generated by org.testng.reporters.JUnitReportReporter -->
<testsuite skipped="0" hostname="Diya" name="com.bank.testsuite.BankTest" tests="5" failures="0" timestamp="2022-12-12T16:07:39 GMT" time="49.900" errors="0">
  <testcase name="bankManagerShouldOpenAccountSuccessfully" time="9.597" classname="com.bank.testsuite.BankTest"/>
  <system-out>
    <![CDATA[clickOnBankManagerLoginTab[[ChromeDriver: chrome on WINDOWS (f1218294813424992aad5cc3a73cb7d3)] -> xpath: //button[@ng-click='manager()']]
clickOnOpenAccountLink[[ChromeDriver: chrome on WINDOWS (f1218294813424992aad5cc3a73cb7d3)] -> xpath: //button[@ng-click ='openAccount()']]
customerNameList[[ChromeDriver: chrome on WINDOWS (f1218294813424992aad5cc3a73cb7d3)] -> xpath: //select[@id='userSelect']]
currencyList[[ChromeDriver: chrome on WINDOWS (f1218294813424992aad5cc3a73cb7d3)] -> xpath: //select[@id='currency']]
Click to see screenshot
<a target = "_blank" href=C:\Users\viren\IdeaProjects\xyz-bank-wk-15-virenpatel/test-output/html/bankManagerShouldOpenAccountSuccessfullyMon_Dec_12_16_07_02_GMT_2022.jpg>Screenshot</a>
<br>
Click to see screenshot
<a target = "_blank" href=C:\Users\viren\IdeaProjects\xyz-bank-wk-15-virenpatel/test-output/html/bankManagerShouldOpenAccountSuccessfullyMon_Dec_12_16_07_03_GMT_2022.jpg>Screenshot</a>
<br>]]>
  </system-out>
  <testcase name="customerShouldLoginAndLogoutSuccessfully" time="7.539" classname="com.bank.testsuite.BankTest"/>
  <system-out>
    <![CDATA[clickCustomerLoginLink[[ChromeDriver: chrome on WINDOWS (a5914ab1ac9f7f4cc571280046a403f7)] -> xpath: //button[@class='btn btn-primary btn-lg']]
clickOnYourNameList[[ChromeDriver: chrome on WINDOWS (a5914ab1ac9f7f4cc571280046a403f7)] -> xpath: //select[@id='userSelect']]
clickOnLogin[[ChromeDriver: chrome on WINDOWS (a5914ab1ac9f7f4cc571280046a403f7)] -> xpath: //button[contains(text(),'Login')]]
verifyLogoutButtonDisplayed[[ChromeDriver: chrome on WINDOWS (a5914ab1ac9f7f4cc571280046a403f7)] -> xpath: //button[contains(text(),'Logout')]]
verifyWelcomeMessage[[ChromeDriver: chrome on WINDOWS (a5914ab1ac9f7f4cc571280046a403f7)] -> xpath: //body[1]/div[3]/div[1]/div[2]/div[1]/div[1]/strong[1]]
verifyWelcomeMessage[[ChromeDriver: chrome on WINDOWS (a5914ab1ac9f7f4cc571280046a403f7)] -> xpath: //body[1]/div[3]/div[1]/div[2]/div[1]/div[1]/strong[1]]
clickOnLogout[[ChromeDriver: chrome on WINDOWS (a5914ab1ac9f7f4cc571280046a403f7)] -> xpath: //button[contains(text(),'Logout')]]
Click to see screenshot
<a target = "_blank" href=C:\Users\viren\IdeaProjects\xyz-bank-wk-15-virenpatel/test-output/html/customerShouldLoginAndLogoutSuccessfullyMon_Dec_12_16_07_32_GMT_2022.jpg>Screenshot</a>
<br>
Click to see screenshot
<a target = "_blank" href=C:\Users\viren\IdeaProjects\xyz-bank-wk-15-virenpatel/test-output/html/customerShouldLoginAndLogoutSuccessfullyMon_Dec_12_16_07_32_GMT_2022.jpg>Screenshot</a>
<br>]]>
  </system-out>
  <testcase name="customerShouldDepositMoneySuccessfully" time="22.004" classname="com.bank.testsuite.BankTest"/>
  <system-out>
    <![CDATA[clickCustomerLoginLink[[ChromeDriver: chrome on WINDOWS (0dd1d0b325847842d9eea65e52f95541)] -> xpath: //button[@class='btn btn-primary btn-lg']]
clickOnYourNameList[[ChromeDriver: chrome on WINDOWS (0dd1d0b325847842d9eea65e52f95541)] -> xpath: //select[@id='userSelect']]
clickOnLogin[[ChromeDriver: chrome on WINDOWS (0dd1d0b325847842d9eea65e52f95541)] -> xpath: //button[contains(text(),'Login')]]
clickOnDeposit[[ChromeDriver: chrome on WINDOWS (0dd1d0b325847842d9eea65e52f95541)] -> xpath: //button[@ng-click = 'deposit()']]
enterAmount1001000[[ChromeDriver: chrome on WINDOWS (0dd1d0b325847842d9eea65e52f95541)] -> xpath: //body/div[3]/div[1]/div[2]/div[1]/div[4]/div[1]/form[1]/div[1]/input[1]]
clickOnDepositButton[[ChromeDriver: chrome on WINDOWS (0dd1d0b325847842d9eea65e52f95541)] -> xpath: //body/div[3]/div[1]/div[2]/div[1]/div[4]/div[1]/form[1]/button[1]]
verifyMessageDepositSuccessfully[[ChromeDriver: chrome on WINDOWS (0dd1d0b325847842d9eea65e52f95541)] -> xpath: //span[contains(text(),'Deposit Successful')]]
verifyMessageDepositSuccessfully[[ChromeDriver: chrome on WINDOWS (0dd1d0b325847842d9eea65e52f95541)] -> xpath: //span[contains(text(),'Deposit Successful')]]
Click to see screenshot
<a target = "_blank" href=C:\Users\viren\IdeaProjects\xyz-bank-wk-15-virenpatel/test-output/html/customerShouldDepositMoneySuccessfullyMon_Dec_12_16_07_23_GMT_2022.jpg>Screenshot</a>
<br>
Click to see screenshot
<a target = "_blank" href=C:\Users\viren\IdeaProjects\xyz-bank-wk-15-virenpatel/test-output/html/customerShouldDepositMoneySuccessfullyMon_Dec_12_16_07_23_GMT_2022.jpg>Screenshot</a>
<br>]]>
  </system-out>
  <testcase name="customerShouldWithdrawMoneySuccessful" time="5.641" classname="com.bank.testsuite.BankTest"/>
  <system-out>
    <![CDATA[clickCustomerLoginLink[[ChromeDriver: chrome on WINDOWS (dee42d708cbd8d0f0af3841dc2606c96)] -> xpath: //button[@class='btn btn-primary btn-lg']]
clickOnYourNameList[[ChromeDriver: chrome on WINDOWS (dee42d708cbd8d0f0af3841dc2606c96)] -> xpath: //select[@id='userSelect']]
clickOnLogin[[ChromeDriver: chrome on WINDOWS (dee42d708cbd8d0f0af3841dc2606c96)] -> xpath: //button[contains(text(),'Login')]]
clickOnDeposit[[ChromeDriver: chrome on WINDOWS (dee42d708cbd8d0f0af3841dc2606c96)] -> xpath: //button[@ng-click = 'deposit()']]
enterAmount1001000[[ChromeDriver: chrome on WINDOWS (dee42d708cbd8d0f0af3841dc2606c96)] -> xpath: //body/div[3]/div[1]/div[2]/div[1]/div[4]/div[1]/form[1]/div[1]/input[1]]
clickOnDepositButton[[ChromeDriver: chrome on WINDOWS (dee42d708cbd8d0f0af3841dc2606c96)] -> xpath: //body/div[3]/div[1]/div[2]/div[1]/div[4]/div[1]/form[1]/button[1]]
clickOnWithdrawButton[[ChromeDriver: chrome on WINDOWS (dee42d708cbd8d0f0af3841dc2606c96)] -> xpath: //body/div[3]/div[1]/div[2]/div[1]/div[3]/button[3]]
enterAmount500[[ChromeDriver: chrome on WINDOWS (dee42d708cbd8d0f0af3841dc2606c96)] -> xpath: //body/div[3]/div[1]/div[2]/div[1]/div[4]/div[1]/form[1]/div[1]/input[1]]
clickOnWithdraw[[ChromeDriver: chrome on WINDOWS (dee42d708cbd8d0f0af3841dc2606c96)] -> xpath: //body/div[3]/div[1]/div[2]/div[1]/div[4]/div[1]/form[1]/button[1]]
Click to see screenshot
<a target = "_blank" href=C:\Users\viren\IdeaProjects\xyz-bank-wk-15-virenpatel/test-output/html/customerShouldWithdrawMoneySuccessfulMon_Dec_12_16_07_38_GMT_2022.jpg>Screenshot</a>
<br>
Click to see screenshot
<a target = "_blank" href=C:\Users\viren\IdeaProjects\xyz-bank-wk-15-virenpatel/test-output/html/customerShouldWithdrawMoneySuccessfulMon_Dec_12_16_07_38_GMT_2022.jpg>Screenshot</a>
<br>]]>
  </system-out>
  <testcase name="BankManagerShouldAddCustomerSuccessfully" time="5.119" classname="com.bank.testsuite.BankTest"/>
  <system-out>
    <![CDATA[clickOnBankManagerLoginTab[[ChromeDriver: chrome on WINDOWS (5a577e1ae4d64a637e33f4cdf311aa9f)] -> xpath: //button[@ng-click='manager()']]
clickOnAddCustomerTab[[ChromeDriver: chrome on WINDOWS (5a577e1ae4d64a637e33f4cdf311aa9f)] -> xpath: //button[@ng-class = 'btnClass1']]
sendTextToFirstNameManan[[ChromeDriver: chrome on WINDOWS (5a577e1ae4d64a637e33f4cdf311aa9f)] -> xpath: //body/div[3]/div[1]/div[2]/div[1]/div[2]/div[1]/div[1]/form[1]/div[1]/input[1]]
sendTextToLastNameShah[[ChromeDriver: chrome on WINDOWS (5a577e1ae4d64a637e33f4cdf311aa9f)] -> xpath: //body/div[3]/div[1]/div[2]/div[1]/div[2]/div[1]/div[1]/form[1]/div[2]/input[1]]
sendTextToPostCodeHA8 9LA[[ChromeDriver: chrome on WINDOWS (5a577e1ae4d64a637e33f4cdf311aa9f)] -> xpath: //body/div[3]/div[1]/div[2]/div[1]/div[2]/div[1]/div[1]/form[1]/div[3]/input[1]]
Click to see screenshot
<a target = "_blank" href=C:\Users\viren\IdeaProjects\xyz-bank-wk-15-virenpatel/test-output/html/BankManagerShouldAddCustomerSuccessfullyMon_Dec_12_16_06_53_GMT_2022.jpg>Screenshot</a>
<br>
Click to see screenshot
<a target = "_blank" href=C:\Users\viren\IdeaProjects\xyz-bank-wk-15-virenpatel/test-output/html/BankManagerShouldAddCustomerSuccessfullyMon_Dec_12_16_06_53_GMT_2022.jpg>Screenshot</a>
<br>]]>
  </system-out>
</testsuite> <!-- com.bank.testsuite.BankTest -->
